{"/workspaces/project/config/db.js": {"path":"/workspaces/project/config/db.js","statementMap":{"0":{"start":{"line":1,"column":14},"end":{"line":1,"column":39}},"1":{"start":{"line":3,"column":13},"end":{"line":11,"column":2}},"2":{"start":{"line":13,"column":0},"end":{"line":13,"column":22}}},"fnMap":{},"branchMap":{},"s":{"0":0,"1":0,"2":0},"f":{},"b":{}}
,"/workspaces/project/middleware/auth.js": {"path":"/workspaces/project/middleware/auth.js","statementMap":{"0":{"start":{"line":1,"column":23},"end":{"line":7,"column":1}},"1":{"start":{"line":2,"column":4},"end":{"line":4,"column":5}},"2":{"start":{"line":3,"column":8},"end":{"line":3,"column":65}},"3":{"start":{"line":5,"column":4},"end":{"line":5,"column":32}},"4":{"start":{"line":6,"column":4},"end":{"line":6,"column":11}},"5":{"start":{"line":9,"column":24},"end":{"line":14,"column":1}},"6":{"start":{"line":10,"column":4},"end":{"line":12,"column":5}},"7":{"start":{"line":11,"column":8},"end":{"line":11,"column":66}},"8":{"start":{"line":13,"column":4},"end":{"line":13,"column":11}},"9":{"start":{"line":16,"column":16},"end":{"line":27,"column":1}},"10":{"start":{"line":17,"column":4},"end":{"line":26,"column":6}},"11":{"start":{"line":18,"column":8},"end":{"line":20,"column":9}},"12":{"start":{"line":19,"column":12},"end":{"line":19,"column":69}},"13":{"start":{"line":21,"column":22},"end":{"line":21,"column":50}},"14":{"start":{"line":22,"column":8},"end":{"line":24,"column":9}},"15":{"start":{"line":23,"column":12},"end":{"line":23,"column":77}},"16":{"start":{"line":25,"column":8},"end":{"line":25,"column":15}},"17":{"start":{"line":29,"column":23},"end":{"line":41,"column":1}},"18":{"start":{"line":30,"column":4},"end":{"line":40,"column":6}},"19":{"start":{"line":31,"column":8},"end":{"line":33,"column":9}},"20":{"start":{"line":32,"column":12},"end":{"line":32,"column":69}},"21":{"start":{"line":34,"column":26},"end":{"line":34,"column":54}},"22":{"start":{"line":35,"column":26},"end":{"line":35,"column":77}},"23":{"start":{"line":35,"column":52},"end":{"line":35,"column":76}},"24":{"start":{"line":36,"column":8},"end":{"line":38,"column":9}},"25":{"start":{"line":37,"column":12},"end":{"line":37,"column":70}},"26":{"start":{"line":39,"column":8},"end":{"line":39,"column":15}},"27":{"start":{"line":43,"column":0},"end":{"line":43,"column":78}}},"fnMap":{"0":{"name":"(anonymous_0)","decl":{"start":{"line":1,"column":23},"end":{"line":1,"column":24}},"loc":{"start":{"line":1,"column":43},"end":{"line":7,"column":1}},"line":1},"1":{"name":"(anonymous_1)","decl":{"start":{"line":9,"column":24},"end":{"line":9,"column":25}},"loc":{"start":{"line":9,"column":44},"end":{"line":14,"column":1}},"line":9},"2":{"name":"(anonymous_2)","decl":{"start":{"line":16,"column":16},"end":{"line":16,"column":17}},"loc":{"start":{"line":16,"column":26},"end":{"line":27,"column":1}},"line":16},"3":{"name":"(anonymous_3)","decl":{"start":{"line":17,"column":11},"end":{"line":17,"column":12}},"loc":{"start":{"line":17,"column":31},"end":{"line":26,"column":5}},"line":17},"4":{"name":"(anonymous_4)","decl":{"start":{"line":29,"column":23},"end":{"line":29,"column":24}},"loc":{"start":{"line":29,"column":41},"end":{"line":41,"column":1}},"line":29},"5":{"name":"(anonymous_5)","decl":{"start":{"line":30,"column":11},"end":{"line":30,"column":12}},"loc":{"start":{"line":30,"column":31},"end":{"line":40,"column":5}},"line":30},"6":{"name":"(anonymous_6)","decl":{"start":{"line":35,"column":44},"end":{"line":35,"column":45}},"loc":{"start":{"line":35,"column":52},"end":{"line":35,"column":76}},"line":35}},"branchMap":{"0":{"loc":{"start":{"line":2,"column":4},"end":{"line":4,"column":5}},"type":"if","locations":[{"start":{"line":2,"column":4},"end":{"line":4,"column":5}},{"start":{},"end":{}}],"line":2},"1":{"loc":{"start":{"line":10,"column":4},"end":{"line":12,"column":5}},"type":"if","locations":[{"start":{"line":10,"column":4},"end":{"line":12,"column":5}},{"start":{},"end":{}}],"line":10},"2":{"loc":{"start":{"line":10,"column":8},"end":{"line":10,"column":55}},"type":"binary-expr","locations":[{"start":{"line":10,"column":8},"end":{"line":10,"column":25}},{"start":{"line":10,"column":29},"end":{"line":10,"column":55}}],"line":10},"3":{"loc":{"start":{"line":18,"column":8},"end":{"line":20,"column":9}},"type":"if","locations":[{"start":{"line":18,"column":8},"end":{"line":20,"column":9}},{"start":{},"end":{}}],"line":18},"4":{"loc":{"start":{"line":21,"column":22},"end":{"line":21,"column":50}},"type":"binary-expr","locations":[{"start":{"line":21,"column":22},"end":{"line":21,"column":44}},{"start":{"line":21,"column":48},"end":{"line":21,"column":50}}],"line":21},"5":{"loc":{"start":{"line":22,"column":8},"end":{"line":24,"column":9}},"type":"if","locations":[{"start":{"line":22,"column":8},"end":{"line":24,"column":9}},{"start":{},"end":{}}],"line":22},"6":{"loc":{"start":{"line":31,"column":8},"end":{"line":33,"column":9}},"type":"if","locations":[{"start":{"line":31,"column":8},"end":{"line":33,"column":9}},{"start":{},"end":{}}],"line":31},"7":{"loc":{"start":{"line":34,"column":26},"end":{"line":34,"column":54}},"type":"binary-expr","locations":[{"start":{"line":34,"column":26},"end":{"line":34,"column":48}},{"start":{"line":34,"column":52},"end":{"line":34,"column":54}}],"line":34},"8":{"loc":{"start":{"line":36,"column":8},"end":{"line":38,"column":9}},"type":"if","locations":[{"start":{"line":36,"column":8},"end":{"line":38,"column":9}},{"start":{},"end":{}}],"line":36}},"s":{"0":0,"1":0,"2":0,"3":0,"4":0,"5":0,"6":0,"7":0,"8":0,"9":0,"10":0,"11":0,"12":0,"13":0,"14":0,"15":0,"16":0,"17":0,"18":0,"19":0,"20":0,"21":0,"22":0,"23":0,"24":0,"25":0,"26":0,"27":0},"f":{"0":0,"1":0,"2":0,"3":0,"4":0,"5":0,"6":0},"b":{"0":[0,0],"1":[0,0],"2":[0,0],"3":[0,0],"4":[0,0],"5":[0,0],"6":[0,0],"7":[0,0],"8":[0,0]}}
,"/workspaces/project/routes/admin.js": {"path":"/workspaces/project/routes/admin.js","statementMap":{"0":{"start":{"line":1,"column":16},"end":{"line":1,"column":34}},"1":{"start":{"line":2,"column":15},"end":{"line":2,"column":32}},"2":{"start":{"line":3,"column":42},"end":{"line":3,"column":70}},"3":{"start":{"line":4,"column":11},"end":{"line":4,"column":34}},"4":{"start":{"line":5,"column":15},"end":{"line":5,"column":41}},"5":{"start":{"line":6,"column":14},"end":{"line":6,"column":39}},"6":{"start":{"line":7,"column":28},"end":{"line":7,"column":57}},"7":{"start":{"line":8,"column":15},"end":{"line":8,"column":31}},"8":{"start":{"line":10,"column":0},"end":{"line":10,"column":28}},"9":{"start":{"line":13,"column":0},"end":{"line":36,"column":3}},"10":{"start":{"line":14,"column":4},"end":{"line":35,"column":5}},"11":{"start":{"line":16,"column":23},"end":{"line":16,"column":45}},"12":{"start":{"line":17,"column":8},"end":{"line":20,"column":9}},"13":{"start":{"line":18,"column":12},"end":{"line":18,"column":51}},"14":{"start":{"line":19,"column":12},"end":{"line":19,"column":36}},"15":{"start":{"line":22,"column":23},"end":{"line":22,"column":90}},"16":{"start":{"line":23,"column":22},"end":{"line":26,"column":11}},"17":{"start":{"line":23,"column":37},"end":{"line":26,"column":9}},"18":{"start":{"line":29,"column":8},"end":{"line":29,"column":43}},"19":{"start":{"line":31,"column":8},"end":{"line":31,"column":24}},"20":{"start":{"line":33,"column":8},"end":{"line":33,"column":58}},"21":{"start":{"line":34,"column":8},"end":{"line":34,"column":78}},"22":{"start":{"line":39,"column":0},"end":{"line":79,"column":2}},"23":{"start":{"line":54,"column":23},"end":{"line":54,"column":44}},"24":{"start":{"line":55,"column":8},"end":{"line":57,"column":9}},"25":{"start":{"line":56,"column":12},"end":{"line":56,"column":99}},"26":{"start":{"line":59,"column":46},"end":{"line":59,"column":54}},"27":{"start":{"line":60,"column":8},"end":{"line":77,"column":9}},"28":{"start":{"line":61,"column":25},"end":{"line":61,"column":56}},"29":{"start":{"line":62,"column":29},"end":{"line":62,"column":108}},"30":{"start":{"line":62,"column":70},"end":{"line":62,"column":92}},"31":{"start":{"line":63,"column":29},"end":{"line":66,"column":13}},"32":{"start":{"line":68,"column":12},"end":{"line":68,"column":35}},"33":{"start":{"line":69,"column":12},"end":{"line":69,"column":66}},"34":{"start":{"line":70,"column":12},"end":{"line":70,"column":73}},"35":{"start":{"line":72,"column":12},"end":{"line":74,"column":13}},"36":{"start":{"line":73,"column":16},"end":{"line":73,"column":84}},"37":{"start":{"line":75,"column":12},"end":{"line":75,"column":62}},"38":{"start":{"line":76,"column":12},"end":{"line":76,"column":80}},"39":{"start":{"line":82,"column":0},"end":{"line":107,"column":2}},"40":{"start":{"line":88,"column":23},"end":{"line":88,"column":44}},"41":{"start":{"line":89,"column":8},"end":{"line":91,"column":9}},"42":{"start":{"line":90,"column":12},"end":{"line":90,"column":99}},"43":{"start":{"line":93,"column":29},"end":{"line":93,"column":37}},"44":{"start":{"line":94,"column":23},"end":{"line":94,"column":33}},"45":{"start":{"line":96,"column":8},"end":{"line":105,"column":9}},"46":{"start":{"line":97,"column":25},"end":{"line":97,"column":56}},"47":{"start":{"line":98,"column":12},"end":{"line":98,"column":90}},"48":{"start":{"line":99,"column":12},"end":{"line":99,"column":35}},"49":{"start":{"line":100,"column":12},"end":{"line":100,"column":63}},"50":{"start":{"line":101,"column":12},"end":{"line":101,"column":40}},"51":{"start":{"line":103,"column":12},"end":{"line":103,"column":68}},"52":{"start":{"line":104,"column":12},"end":{"line":104,"column":71}},"53":{"start":{"line":110,"column":0},"end":{"line":174,"column":3}},"54":{"start":{"line":111,"column":57},"end":{"line":111,"column":66}},"55":{"start":{"line":114,"column":20},"end":{"line":114,"column":52}},"56":{"start":{"line":115,"column":21},"end":{"line":115,"column":71}},"57":{"start":{"line":116,"column":19},"end":{"line":116,"column":43}},"58":{"start":{"line":118,"column":4},"end":{"line":173,"column":5}},"59":{"start":{"line":120,"column":25},"end":{"line":120,"column":27}},"60":{"start":{"line":121,"column":23},"end":{"line":121,"column":25}},"61":{"start":{"line":123,"column":18},"end":{"line":123,"column":90}},"62":{"start":{"line":125,"column":8},"end":{"line":131,"column":9}},"63":{"start":{"line":126,"column":27},"end":{"line":126,"column":44}},"64":{"start":{"line":127,"column":12},"end":{"line":130,"column":13}},"65":{"start":{"line":128,"column":16},"end":{"line":128,"column":49}},"66":{"start":{"line":129,"column":16},"end":{"line":129,"column":36}},"67":{"start":{"line":133,"column":8},"end":{"line":136,"column":9}},"68":{"start":{"line":134,"column":12},"end":{"line":134,"column":55}},"69":{"start":{"line":135,"column":12},"end":{"line":135,"column":30}},"70":{"start":{"line":138,"column":8},"end":{"line":141,"column":9}},"71":{"start":{"line":139,"column":12},"end":{"line":139,"column":55}},"72":{"start":{"line":140,"column":12},"end":{"line":140,"column":28}},"73":{"start":{"line":144,"column":8},"end":{"line":146,"column":9}},"74":{"start":{"line":145,"column":12},"end":{"line":145,"column":56}},"75":{"start":{"line":148,"column":8},"end":{"line":148,"column":62}},"76":{"start":{"line":149,"column":8},"end":{"line":149,"column":38}},"77":{"start":{"line":151,"column":23},"end":{"line":151,"column":50}},"78":{"start":{"line":154,"column":23},"end":{"line":154,"column":64}},"79":{"start":{"line":155,"column":8},"end":{"line":157,"column":9}},"80":{"start":{"line":156,"column":12},"end":{"line":156,"column":61}},"81":{"start":{"line":159,"column":30},"end":{"line":159,"column":62}},"82":{"start":{"line":161,"column":8},"end":{"line":169,"column":11}},"83":{"start":{"line":171,"column":8},"end":{"line":171,"column":62}},"84":{"start":{"line":172,"column":8},"end":{"line":172,"column":72}},"85":{"start":{"line":176,"column":0},"end":{"line":176,"column":24}}},"fnMap":{"0":{"name":"(anonymous_0)","decl":{"start":{"line":13,"column":21},"end":{"line":13,"column":22}},"loc":{"start":{"line":13,"column":41},"end":{"line":36,"column":1}},"line":13},"1":{"name":"(anonymous_1)","decl":{"start":{"line":23,"column":31},"end":{"line":23,"column":32}},"loc":{"start":{"line":23,"column":37},"end":{"line":26,"column":9}},"line":23},"2":{"name":"(anonymous_2)","decl":{"start":{"line":53,"column":4},"end":{"line":53,"column":5}},"loc":{"start":{"line":53,"column":24},"end":{"line":78,"column":5}},"line":53},"3":{"name":"(anonymous_3)","decl":{"start":{"line":62,"column":65},"end":{"line":62,"column":66}},"loc":{"start":{"line":62,"column":70},"end":{"line":62,"column":92}},"line":62},"4":{"name":"(anonymous_4)","decl":{"start":{"line":87,"column":4},"end":{"line":87,"column":5}},"loc":{"start":{"line":87,"column":24},"end":{"line":106,"column":5}},"line":87},"5":{"name":"(anonymous_5)","decl":{"start":{"line":110,"column":23},"end":{"line":110,"column":24}},"loc":{"start":{"line":110,"column":43},"end":{"line":174,"column":1}},"line":110}},"branchMap":{"0":{"loc":{"start":{"line":17,"column":8},"end":{"line":20,"column":9}},"type":"if","locations":[{"start":{"line":17,"column":8},"end":{"line":20,"column":9}},{"start":{},"end":{}}],"line":17},"1":{"loc":{"start":{"line":25,"column":22},"end":{"line":25,"column":76}},"type":"cond-expr","locations":[{"start":{"line":25,"column":32},"end":{"line":25,"column":68}},{"start":{"line":25,"column":71},"end":{"line":25,"column":76}}],"line":25},"2":{"loc":{"start":{"line":55,"column":8},"end":{"line":57,"column":9}},"type":"if","locations":[{"start":{"line":55,"column":8},"end":{"line":57,"column":9}},{"start":{},"end":{}}],"line":55},"3":{"loc":{"start":{"line":62,"column":29},"end":{"line":62,"column":108}},"type":"cond-expr","locations":[{"start":{"line":62,"column":52},"end":{"line":62,"column":103}},{"start":{"line":62,"column":106},"end":{"line":62,"column":108}}],"line":62},"4":{"loc":{"start":{"line":72,"column":12},"end":{"line":74,"column":13}},"type":"if","locations":[{"start":{"line":72,"column":12},"end":{"line":74,"column":13}},{"start":{},"end":{}}],"line":72},"5":{"loc":{"start":{"line":89,"column":8},"end":{"line":91,"column":9}},"type":"if","locations":[{"start":{"line":89,"column":8},"end":{"line":91,"column":9}},{"start":{},"end":{}}],"line":89},"6":{"loc":{"start":{"line":111,"column":31},"end":{"line":111,"column":39}},"type":"default-arg","locations":[{"start":{"line":111,"column":38},"end":{"line":111,"column":39}}],"line":111},"7":{"loc":{"start":{"line":111,"column":41},"end":{"line":111,"column":52}},"type":"default-arg","locations":[{"start":{"line":111,"column":49},"end":{"line":111,"column":52}}],"line":111},"8":{"loc":{"start":{"line":114,"column":32},"end":{"line":114,"column":51}},"type":"binary-expr","locations":[{"start":{"line":114,"column":32},"end":{"line":114,"column":46}},{"start":{"line":114,"column":50},"end":{"line":114,"column":51}}],"line":114},"9":{"loc":{"start":{"line":115,"column":42},"end":{"line":115,"column":64}},"type":"binary-expr","locations":[{"start":{"line":115,"column":42},"end":{"line":115,"column":57}},{"start":{"line":115,"column":61},"end":{"line":115,"column":64}}],"line":115},"10":{"loc":{"start":{"line":125,"column":8},"end":{"line":131,"column":9}},"type":"if","locations":[{"start":{"line":125,"column":8},"end":{"line":131,"column":9}},{"start":{},"end":{}}],"line":125},"11":{"loc":{"start":{"line":127,"column":12},"end":{"line":130,"column":13}},"type":"if","locations":[{"start":{"line":127,"column":12},"end":{"line":130,"column":13}},{"start":{},"end":{}}],"line":127},"12":{"loc":{"start":{"line":133,"column":8},"end":{"line":136,"column":9}},"type":"if","locations":[{"start":{"line":133,"column":8},"end":{"line":136,"column":9}},{"start":{},"end":{}}],"line":133},"13":{"loc":{"start":{"line":133,"column":12},"end":{"line":133,"column":52}},"type":"binary-expr","locations":[{"start":{"line":133,"column":12},"end":{"line":133,"column":16}},{"start":{"line":133,"column":20},"end":{"line":133,"column":52}}],"line":133},"14":{"loc":{"start":{"line":138,"column":8},"end":{"line":141,"column":9}},"type":"if","locations":[{"start":{"line":138,"column":8},"end":{"line":141,"column":9}},{"start":{},"end":{}}],"line":138},"15":{"loc":{"start":{"line":138,"column":12},"end":{"line":138,"column":48}},"type":"binary-expr","locations":[{"start":{"line":138,"column":12},"end":{"line":138,"column":14}},{"start":{"line":138,"column":18},"end":{"line":138,"column":48}}],"line":138},"16":{"loc":{"start":{"line":144,"column":8},"end":{"line":146,"column":9}},"type":"if","locations":[{"start":{"line":144,"column":8},"end":{"line":146,"column":9}},{"start":{},"end":{}}],"line":144},"17":{"loc":{"start":{"line":155,"column":8},"end":{"line":157,"column":9}},"type":"if","locations":[{"start":{"line":155,"column":8},"end":{"line":157,"column":9}},{"start":{},"end":{}}],"line":155}},"s":{"0":0,"1":0,"2":0,"3":0,"4":0,"5":0,"6":0,"7":0,"8":0,"9":0,"10":0,"11":0,"12":0,"13":0,"14":0,"15":0,"16":0,"17":0,"18":0,"19":0,"20":0,"21":0,"22":0,"23":0,"24":0,"25":0,"26":0,"27":0,"28":0,"29":0,"30":0,"31":0,"32":0,"33":0,"34":0,"35":0,"36":0,"37":0,"38":0,"39":0,"40":0,"41":0,"42":0,"43":0,"44":0,"45":0,"46":0,"47":0,"48":0,"49":0,"50":0,"51":0,"52":0,"53":0,"54":0,"55":0,"56":0,"57":0,"58":0,"59":0,"60":0,"61":0,"62":0,"63":0,"64":0,"65":0,"66":0,"67":0,"68":0,"69":0,"70":0,"71":0,"72":0,"73":0,"74":0,"75":0,"76":0,"77":0,"78":0,"79":0,"80":0,"81":0,"82":0,"83":0,"84":0,"85":0},"f":{"0":0,"1":0,"2":0,"3":0,"4":0,"5":0},"b":{"0":[0,0],"1":[0,0],"2":[0,0],"3":[0,0],"4":[0,0],"5":[0,0],"6":[0],"7":[0],"8":[0,0],"9":[0,0],"10":[0,0],"11":[0,0],"12":[0,0],"13":[0,0],"14":[0,0],"15":[0,0],"16":[0,0],"17":[0,0]}}
,"/workspaces/project/routes/audio.js": {"path":"/workspaces/project/routes/audio.js","statementMap":{"0":{"start":{"line":1,"column":16},"end":{"line":1,"column":34}},"1":{"start":{"line":2,"column":14},"end":{"line":2,"column":30}},"2":{"start":{"line":3,"column":15},"end":{"line":3,"column":31}},"3":{"start":{"line":4,"column":15},"end":{"line":4,"column":47}},"4":{"start":{"line":5,"column":53},"end":{"line":5,"column":82}},"5":{"start":{"line":10,"column":0},"end":{"line":41,"column":3}},"6":{"start":{"line":11,"column":21},"end":{"line":37,"column":6}},"7":{"start":{"line":12,"column":8},"end":{"line":36,"column":9}},"8":{"start":{"line":13,"column":42},"end":{"line":16,"column":14}},"9":{"start":{"line":17,"column":12},"end":{"line":22,"column":14}},"10":{"start":{"line":24,"column":12},"end":{"line":35,"column":14}},"11":{"start":{"line":39,"column":20},"end":{"line":39,"column":47}},"12":{"start":{"line":40,"column":4},"end":{"line":40,"column":22}},"13":{"start":{"line":45,"column":0},"end":{"line":48,"column":3}},"14":{"start":{"line":46,"column":4},"end":{"line":46,"column":58}},"15":{"start":{"line":47,"column":4},"end":{"line":47,"column":32}},"16":{"start":{"line":50,"column":0},"end":{"line":53,"column":3}},"17":{"start":{"line":51,"column":4},"end":{"line":51,"column":57}},"18":{"start":{"line":52,"column":4},"end":{"line":52,"column":32}},"19":{"start":{"line":55,"column":0},"end":{"line":59,"column":3}},"20":{"start":{"line":56,"column":22},"end":{"line":56,"column":30}},"21":{"start":{"line":57,"column":21},"end":{"line":57,"column":87}},"22":{"start":{"line":58,"column":4},"end":{"line":58,"column":28}},"23":{"start":{"line":61,"column":0},"end":{"line":65,"column":3}},"24":{"start":{"line":62,"column":21},"end":{"line":62,"column":29}},"25":{"start":{"line":63,"column":21},"end":{"line":63,"column":87}},"26":{"start":{"line":64,"column":4},"end":{"line":64,"column":28}},"27":{"start":{"line":68,"column":0},"end":{"line":83,"column":3}},"28":{"start":{"line":69,"column":29},"end":{"line":69,"column":39}},"29":{"start":{"line":70,"column":16},"end":{"line":70,"column":75}},"30":{"start":{"line":72,"column":4},"end":{"line":82,"column":5}},"31":{"start":{"line":73,"column":25},"end":{"line":77,"column":10}},"32":{"start":{"line":78,"column":8},"end":{"line":78,"column":34}},"33":{"start":{"line":79,"column":8},"end":{"line":79,"column":32}},"34":{"start":{"line":81,"column":8},"end":{"line":81,"column":79}},"35":{"start":{"line":86,"column":0},"end":{"line":88,"column":3}},"36":{"start":{"line":87,"column":4},"end":{"line":87,"column":53}},"37":{"start":{"line":90,"column":0},"end":{"line":90,"column":24}}},"fnMap":{"0":{"name":"(anonymous_0)","decl":{"start":{"line":10,"column":60},"end":{"line":10,"column":61}},"loc":{"start":{"line":10,"column":80},"end":{"line":41,"column":1}},"line":10},"1":{"name":"(anonymous_1)","decl":{"start":{"line":11,"column":32},"end":{"line":11,"column":33}},"loc":{"start":{"line":11,"column":49},"end":{"line":37,"column":5}},"line":11},"2":{"name":"(anonymous_2)","decl":{"start":{"line":45,"column":70},"end":{"line":45,"column":71}},"loc":{"start":{"line":45,"column":90},"end":{"line":48,"column":1}},"line":45},"3":{"name":"(anonymous_3)","decl":{"start":{"line":50,"column":69},"end":{"line":50,"column":70}},"loc":{"start":{"line":50,"column":89},"end":{"line":53,"column":1}},"line":50},"4":{"name":"(anonymous_4)","decl":{"start":{"line":55,"column":71},"end":{"line":55,"column":72}},"loc":{"start":{"line":55,"column":91},"end":{"line":59,"column":1}},"line":55},"5":{"name":"(anonymous_5)","decl":{"start":{"line":61,"column":72},"end":{"line":61,"column":73}},"loc":{"start":{"line":61,"column":92},"end":{"line":65,"column":1}},"line":61},"6":{"name":"(anonymous_6)","decl":{"start":{"line":68,"column":81},"end":{"line":68,"column":82}},"loc":{"start":{"line":68,"column":101},"end":{"line":83,"column":1}},"line":68},"7":{"name":"(anonymous_7)","decl":{"start":{"line":86,"column":54},"end":{"line":86,"column":55}},"loc":{"start":{"line":86,"column":68},"end":{"line":88,"column":1}},"line":86}},"branchMap":{"0":{"loc":{"start":{"line":21,"column":23},"end":{"line":21,"column":48}},"type":"binary-expr","locations":[{"start":{"line":21,"column":23},"end":{"line":21,"column":42}},{"start":{"line":21,"column":46},"end":{"line":21,"column":48}}],"line":21}},"s":{"0":0,"1":0,"2":0,"3":0,"4":0,"5":0,"6":0,"7":0,"8":0,"9":0,"10":0,"11":0,"12":0,"13":0,"14":0,"15":0,"16":0,"17":0,"18":0,"19":0,"20":0,"21":0,"22":0,"23":0,"24":0,"25":0,"26":0,"27":0,"28":0,"29":0,"30":0,"31":0,"32":0,"33":0,"34":0,"35":0,"36":0,"37":0},"f":{"0":0,"1":0,"2":0,"3":0,"4":0,"5":0,"6":0,"7":0},"b":{"0":[0,0]}}
,"/workspaces/project/routes/auth.js": {"path":"/workspaces/project/routes/auth.js","statementMap":{"0":{"start":{"line":1,"column":16},"end":{"line":1,"column":34}},"1":{"start":{"line":2,"column":15},"end":{"line":2,"column":32}},"2":{"start":{"line":3,"column":35},"end":{"line":3,"column":63}},"3":{"start":{"line":4,"column":11},"end":{"line":4,"column":34}},"4":{"start":{"line":5,"column":15},"end":{"line":5,"column":41}},"5":{"start":{"line":6,"column":15},"end":{"line":6,"column":31}},"6":{"start":{"line":9,"column":22},"end":{"line":19,"column":1}},"7":{"start":{"line":21,"column":0},"end":{"line":65,"column":3}},"8":{"start":{"line":22,"column":19},"end":{"line":22,"column":40}},"9":{"start":{"line":23,"column":4},"end":{"line":25,"column":5}},"10":{"start":{"line":24,"column":8},"end":{"line":24,"column":95}},"11":{"start":{"line":27,"column":35},"end":{"line":27,"column":43}},"12":{"start":{"line":28,"column":4},"end":{"line":64,"column":5}},"13":{"start":{"line":29,"column":24},"end":{"line":29,"column":92}},"14":{"start":{"line":30,"column":8},"end":{"line":33,"column":9}},"15":{"start":{"line":31,"column":12},"end":{"line":31,"column":83}},"16":{"start":{"line":32,"column":12},"end":{"line":32,"column":76}},"17":{"start":{"line":34,"column":21},"end":{"line":34,"column":29}},"18":{"start":{"line":35,"column":22},"end":{"line":35,"column":72}},"19":{"start":{"line":36,"column":8},"end":{"line":39,"column":9}},"20":{"start":{"line":37,"column":12},"end":{"line":37,"column":70}},"21":{"start":{"line":38,"column":12},"end":{"line":38,"column":76}},"22":{"start":{"line":41,"column":22},"end":{"line":41,"column":80}},"23":{"start":{"line":41,"column":66},"end":{"line":41,"column":74}},"24":{"start":{"line":42,"column":8},"end":{"line":47,"column":10}},"25":{"start":{"line":50,"column":25},"end":{"line":50,"column":28}},"26":{"start":{"line":51,"column":8},"end":{"line":57,"column":9}},"27":{"start":{"line":52,"column":12},"end":{"line":52,"column":29}},"28":{"start":{"line":53,"column":15},"end":{"line":57,"column":9}},"29":{"start":{"line":54,"column":12},"end":{"line":54,"column":34}},"30":{"start":{"line":56,"column":12},"end":{"line":56,"column":29}},"31":{"start":{"line":59,"column":8},"end":{"line":59,"column":51}},"32":{"start":{"line":60,"column":8},"end":{"line":60,"column":72}},"33":{"start":{"line":62,"column":8},"end":{"line":62,"column":52}},"34":{"start":{"line":63,"column":8},"end":{"line":63,"column":68}},"35":{"start":{"line":67,"column":0},"end":{"line":77,"column":3}},"36":{"start":{"line":68,"column":21},"end":{"line":68,"column":47}},"37":{"start":{"line":69,"column":4},"end":{"line":76,"column":7}},"38":{"start":{"line":70,"column":8},"end":{"line":73,"column":9}},"39":{"start":{"line":71,"column":12},"end":{"line":71,"column":57}},"40":{"start":{"line":72,"column":12},"end":{"line":72,"column":72}},"41":{"start":{"line":74,"column":8},"end":{"line":74,"column":66}},"42":{"start":{"line":74,"column":22},"end":{"line":74,"column":66}},"43":{"start":{"line":75,"column":8},"end":{"line":75,"column":36}},"44":{"start":{"line":79,"column":0},"end":{"line":82,"column":3}},"45":{"start":{"line":80,"column":4},"end":{"line":81,"column":36}},"46":{"start":{"line":80,"column":26},"end":{"line":80,"column":53}},"47":{"start":{"line":81,"column":9},"end":{"line":81,"column":36}},"48":{"start":{"line":84,"column":0},"end":{"line":84,"column":24}}},"fnMap":{"0":{"name":"(anonymous_0)","decl":{"start":{"line":21,"column":37},"end":{"line":21,"column":38}},"loc":{"start":{"line":21,"column":57},"end":{"line":65,"column":1}},"line":21},"1":{"name":"(anonymous_1)","decl":{"start":{"line":41,"column":61},"end":{"line":41,"column":62}},"loc":{"start":{"line":41,"column":66},"end":{"line":41,"column":74}},"line":41},"2":{"name":"(anonymous_2)","decl":{"start":{"line":67,"column":23},"end":{"line":67,"column":24}},"loc":{"start":{"line":67,"column":37},"end":{"line":77,"column":1}},"line":67},"3":{"name":"(anonymous_3)","decl":{"start":{"line":69,"column":24},"end":{"line":69,"column":25}},"loc":{"start":{"line":69,"column":33},"end":{"line":76,"column":5}},"line":69},"4":{"name":"(anonymous_4)","decl":{"start":{"line":79,"column":18},"end":{"line":79,"column":19}},"loc":{"start":{"line":79,"column":32},"end":{"line":82,"column":1}},"line":79}},"branchMap":{"0":{"loc":{"start":{"line":23,"column":4},"end":{"line":25,"column":5}},"type":"if","locations":[{"start":{"line":23,"column":4},"end":{"line":25,"column":5}},{"start":{},"end":{}}],"line":23},"1":{"loc":{"start":{"line":30,"column":8},"end":{"line":33,"column":9}},"type":"if","locations":[{"start":{"line":30,"column":8},"end":{"line":33,"column":9}},{"start":{},"end":{}}],"line":30},"2":{"loc":{"start":{"line":36,"column":8},"end":{"line":39,"column":9}},"type":"if","locations":[{"start":{"line":36,"column":8},"end":{"line":39,"column":9}},{"start":{},"end":{}}],"line":36},"3":{"loc":{"start":{"line":41,"column":22},"end":{"line":41,"column":80}},"type":"cond-expr","locations":[{"start":{"line":41,"column":35},"end":{"line":41,"column":75}},{"start":{"line":41,"column":78},"end":{"line":41,"column":80}}],"line":41},"4":{"loc":{"start":{"line":51,"column":8},"end":{"line":57,"column":9}},"type":"if","locations":[{"start":{"line":51,"column":8},"end":{"line":57,"column":9}},{"start":{"line":53,"column":15},"end":{"line":57,"column":9}}],"line":51},"5":{"loc":{"start":{"line":53,"column":15},"end":{"line":57,"column":9}},"type":"if","locations":[{"start":{"line":53,"column":15},"end":{"line":57,"column":9}},{"start":{"line":55,"column":15},"end":{"line":57,"column":9}}],"line":53},"6":{"loc":{"start":{"line":70,"column":8},"end":{"line":73,"column":9}},"type":"if","locations":[{"start":{"line":70,"column":8},"end":{"line":73,"column":9}},{"start":{},"end":{}}],"line":70},"7":{"loc":{"start":{"line":74,"column":8},"end":{"line":74,"column":66}},"type":"if","locations":[{"start":{"line":74,"column":8},"end":{"line":74,"column":66}},{"start":{},"end":{}}],"line":74},"8":{"loc":{"start":{"line":80,"column":4},"end":{"line":81,"column":36}},"type":"if","locations":[{"start":{"line":80,"column":4},"end":{"line":81,"column":36}},{"start":{"line":81,"column":9},"end":{"line":81,"column":36}}],"line":80}},"s":{"0":0,"1":0,"2":0,"3":0,"4":0,"5":0,"6":0,"7":0,"8":0,"9":0,"10":0,"11":0,"12":0,"13":0,"14":0,"15":0,"16":0,"17":0,"18":0,"19":0,"20":0,"21":0,"22":0,"23":0,"24":0,"25":0,"26":0,"27":0,"28":0,"29":0,"30":0,"31":0,"32":0,"33":0,"34":0,"35":0,"36":0,"37":0,"38":0,"39":0,"40":0,"41":0,"42":0,"43":0,"44":0,"45":0,"46":0,"47":0,"48":0},"f":{"0":0,"1":0,"2":0,"3":0,"4":0},"b":{"0":[0,0],"1":[0,0],"2":[0,0],"3":[0,0],"4":[0,0],"5":[0,0],"6":[0,0],"7":[0,0],"8":[0,0]}}
,"/workspaces/project/routes/relay.js": {"path":"/workspaces/project/routes/relay.js","statementMap":{"0":{"start":{"line":1,"column":16},"end":{"line":1,"column":34}},"1":{"start":{"line":2,"column":15},"end":{"line":2,"column":31}},"2":{"start":{"line":3,"column":11},"end":{"line":3,"column":34}},"3":{"start":{"line":8,"column":0},"end":{"line":32,"column":3}},"4":{"start":{"line":9,"column":49},"end":{"line":9,"column":57}},"5":{"start":{"line":11,"column":4},"end":{"line":13,"column":5}},"6":{"start":{"line":12,"column":8},"end":{"line":12,"column":75}},"7":{"start":{"line":15,"column":4},"end":{"line":31,"column":5}},"8":{"start":{"line":16,"column":8},"end":{"line":26,"column":10}},"9":{"start":{"line":27,"column":8},"end":{"line":27,"column":76}},"10":{"start":{"line":29,"column":8},"end":{"line":29,"column":67}},"11":{"start":{"line":30,"column":8},"end":{"line":30,"column":58}},"12":{"start":{"line":35,"column":0},"end":{"line":73,"column":3}},"13":{"start":{"line":36,"column":4},"end":{"line":72,"column":5}},"14":{"start":{"line":37,"column":23},"end":{"line":44,"column":9}},"15":{"start":{"line":47,"column":8},"end":{"line":50,"column":10}},"16":{"start":{"line":52,"column":26},"end":{"line":66,"column":11}},"17":{"start":{"line":52,"column":43},"end":{"line":66,"column":9}},"18":{"start":{"line":68,"column":8},"end":{"line":68,"column":28}},"19":{"start":{"line":70,"column":8},"end":{"line":70,"column":67}},"20":{"start":{"line":71,"column":8},"end":{"line":71,"column":58}},"21":{"start":{"line":76,"column":36},"end":{"line":76,"column":65}},"22":{"start":{"line":79,"column":0},"end":{"line":112,"column":3}},"23":{"start":{"line":80,"column":25},"end":{"line":80,"column":35}},"24":{"start":{"line":82,"column":4},"end":{"line":111,"column":5}},"25":{"start":{"line":83,"column":26},"end":{"line":86,"column":9}},"26":{"start":{"line":88,"column":8},"end":{"line":90,"column":9}},"27":{"start":{"line":89,"column":12},"end":{"line":89,"column":76}},"28":{"start":{"line":92,"column":25},"end":{"line":92,"column":46}},"29":{"start":{"line":94,"column":8},"end":{"line":96,"column":9}},"30":{"start":{"line":95,"column":12},"end":{"line":95,"column":79}},"31":{"start":{"line":98,"column":22},"end":{"line":98,"column":38}},"32":{"start":{"line":99,"column":8},"end":{"line":107,"column":9}},"33":{"start":{"line":101,"column":12},"end":{"line":101,"column":82}},"34":{"start":{"line":102,"column":12},"end":{"line":102,"column":74}},"35":{"start":{"line":104,"column":12},"end":{"line":104,"column":69}},"36":{"start":{"line":106,"column":12},"end":{"line":106,"column":122}},"37":{"start":{"line":109,"column":8},"end":{"line":109,"column":65}},"38":{"start":{"line":110,"column":8},"end":{"line":110,"column":58}},"39":{"start":{"line":115,"column":0},"end":{"line":129,"column":3}},"40":{"start":{"line":116,"column":4},"end":{"line":128,"column":5}},"41":{"start":{"line":117,"column":23},"end":{"line":123,"column":10}},"42":{"start":{"line":124,"column":8},"end":{"line":124,"column":23}},"43":{"start":{"line":126,"column":8},"end":{"line":126,"column":65}},"44":{"start":{"line":127,"column":8},"end":{"line":127,"column":58}},"45":{"start":{"line":132,"column":0},"end":{"line":152,"column":3}},"46":{"start":{"line":133,"column":35},"end":{"line":133,"column":43}},"47":{"start":{"line":135,"column":4},"end":{"line":137,"column":5}},"48":{"start":{"line":136,"column":8},"end":{"line":136,"column":76}},"49":{"start":{"line":139,"column":4},"end":{"line":151,"column":5}},"50":{"start":{"line":140,"column":8},"end":{"line":143,"column":10}},"51":{"start":{"line":144,"column":8},"end":{"line":144,"column":69}},"52":{"start":{"line":146,"column":8},"end":{"line":146,"column":62}},"53":{"start":{"line":147,"column":8},"end":{"line":149,"column":9}},"54":{"start":{"line":148,"column":12},"end":{"line":148,"column":91}},"55":{"start":{"line":150,"column":8},"end":{"line":150,"column":58}},"56":{"start":{"line":155,"column":0},"end":{"line":172,"column":3}},"57":{"start":{"line":156,"column":25},"end":{"line":156,"column":34}},"58":{"start":{"line":158,"column":4},"end":{"line":160,"column":5}},"59":{"start":{"line":159,"column":8},"end":{"line":159,"column":70}},"60":{"start":{"line":162,"column":4},"end":{"line":171,"column":5}},"61":{"start":{"line":163,"column":23},"end":{"line":166,"column":9}},"62":{"start":{"line":167,"column":8},"end":{"line":167,"column":23}},"63":{"start":{"line":169,"column":8},"end":{"line":169,"column":67}},"64":{"start":{"line":170,"column":8},"end":{"line":170,"column":58}},"65":{"start":{"line":175,"column":0},"end":{"line":218,"column":3}},"66":{"start":{"line":176,"column":21},"end":{"line":176,"column":29}},"67":{"start":{"line":178,"column":4},"end":{"line":180,"column":5}},"68":{"start":{"line":179,"column":8},"end":{"line":179,"column":68}},"69":{"start":{"line":182,"column":4},"end":{"line":217,"column":5}},"70":{"start":{"line":183,"column":25},"end":{"line":204,"column":9}},"71":{"start":{"line":207,"column":8},"end":{"line":211,"column":9}},"72":{"start":{"line":208,"column":12},"end":{"line":208,"column":51}},"73":{"start":{"line":210,"column":12},"end":{"line":210,"column":60}},"74":{"start":{"line":213,"column":8},"end":{"line":213,"column":55}},"75":{"start":{"line":215,"column":8},"end":{"line":215,"column":66}},"76":{"start":{"line":216,"column":8},"end":{"line":216,"column":58}},"77":{"start":{"line":221,"column":0},"end":{"line":267,"column":3}},"78":{"start":{"line":222,"column":21},"end":{"line":222,"column":29}},"79":{"start":{"line":223,"column":19},"end":{"line":223,"column":29}},"80":{"start":{"line":225,"column":4},"end":{"line":266,"column":5}},"81":{"start":{"line":227,"column":31},"end":{"line":227,"column":107}},"82":{"start":{"line":229,"column":8},"end":{"line":251,"column":10}},"83":{"start":{"line":254,"column":8},"end":{"line":260,"column":9}},"84":{"start":{"line":255,"column":12},"end":{"line":259,"column":13}},"85":{"start":{"line":256,"column":16},"end":{"line":256,"column":62}},"86":{"start":{"line":258,"column":16},"end":{"line":258,"column":64}},"87":{"start":{"line":262,"column":8},"end":{"line":262,"column":36}},"88":{"start":{"line":264,"column":8},"end":{"line":264,"column":66}},"89":{"start":{"line":265,"column":8},"end":{"line":265,"column":58}},"90":{"start":{"line":270,"column":0},"end":{"line":291,"column":3}},"91":{"start":{"line":271,"column":4},"end":{"line":290,"column":5}},"92":{"start":{"line":273,"column":31},"end":{"line":273,"column":118}},"93":{"start":{"line":275,"column":8},"end":{"line":275,"column":86}},"94":{"start":{"line":278,"column":8},"end":{"line":284,"column":9}},"95":{"start":{"line":279,"column":12},"end":{"line":283,"column":13}},"96":{"start":{"line":280,"column":16},"end":{"line":280,"column":62}},"97":{"start":{"line":282,"column":16},"end":{"line":282,"column":64}},"98":{"start":{"line":286,"column":8},"end":{"line":286,"column":36}},"99":{"start":{"line":288,"column":8},"end":{"line":288,"column":66}},"100":{"start":{"line":289,"column":8},"end":{"line":289,"column":58}},"101":{"start":{"line":295,"column":0},"end":{"line":339,"column":3}},"102":{"start":{"line":296,"column":41},"end":{"line":296,"column":49}},"103":{"start":{"line":298,"column":4},"end":{"line":300,"column":5}},"104":{"start":{"line":299,"column":8},"end":{"line":299,"column":68}},"105":{"start":{"line":302,"column":4},"end":{"line":338,"column":5}},"106":{"start":{"line":304,"column":26},"end":{"line":307,"column":9}},"107":{"start":{"line":309,"column":8},"end":{"line":311,"column":9}},"108":{"start":{"line":310,"column":12},"end":{"line":310,"column":76}},"109":{"start":{"line":313,"column":25},"end":{"line":313,"column":46}},"110":{"start":{"line":315,"column":8},"end":{"line":317,"column":9}},"111":{"start":{"line":316,"column":12},"end":{"line":316,"column":79}},"112":{"start":{"line":320,"column":22},"end":{"line":320,"column":38}},"113":{"start":{"line":321,"column":8},"end":{"line":334,"column":9}},"114":{"start":{"line":322,"column":12},"end":{"line":325,"column":34}},"115":{"start":{"line":328,"column":12},"end":{"line":328,"column":98}},"116":{"start":{"line":330,"column":12},"end":{"line":330,"column":40}},"117":{"start":{"line":332,"column":12},"end":{"line":332,"column":75}},"118":{"start":{"line":333,"column":12},"end":{"line":333,"column":69}},"119":{"start":{"line":336,"column":8},"end":{"line":336,"column":66}},"120":{"start":{"line":337,"column":8},"end":{"line":337,"column":58}},"121":{"start":{"line":342,"column":0},"end":{"line":377,"column":3}},"122":{"start":{"line":343,"column":25},"end":{"line":343,"column":33}},"123":{"start":{"line":345,"column":4},"end":{"line":347,"column":5}},"124":{"start":{"line":346,"column":8},"end":{"line":346,"column":70}},"125":{"start":{"line":349,"column":4},"end":{"line":376,"column":5}},"126":{"start":{"line":350,"column":26},"end":{"line":353,"column":9}},"127":{"start":{"line":355,"column":8},"end":{"line":357,"column":9}},"128":{"start":{"line":356,"column":12},"end":{"line":356,"column":76}},"129":{"start":{"line":359,"column":25},"end":{"line":359,"column":46}},"130":{"start":{"line":361,"column":8},"end":{"line":363,"column":9}},"131":{"start":{"line":362,"column":12},"end":{"line":362,"column":79}},"132":{"start":{"line":365,"column":22},"end":{"line":365,"column":38}},"133":{"start":{"line":366,"column":8},"end":{"line":372,"column":9}},"134":{"start":{"line":367,"column":12},"end":{"line":367,"column":90}},"135":{"start":{"line":368,"column":12},"end":{"line":368,"column":40}},"136":{"start":{"line":370,"column":12},"end":{"line":370,"column":74}},"137":{"start":{"line":371,"column":12},"end":{"line":371,"column":69}},"138":{"start":{"line":374,"column":8},"end":{"line":374,"column":70}},"139":{"start":{"line":375,"column":8},"end":{"line":375,"column":58}},"140":{"start":{"line":380,"column":0},"end":{"line":388,"column":3}},"141":{"start":{"line":381,"column":4},"end":{"line":387,"column":5}},"142":{"start":{"line":382,"column":8},"end":{"line":382,"column":84}},"143":{"start":{"line":383,"column":8},"end":{"line":383,"column":36}},"144":{"start":{"line":385,"column":8},"end":{"line":385,"column":64}},"145":{"start":{"line":386,"column":8},"end":{"line":386,"column":58}},"146":{"start":{"line":392,"column":22},"end":{"line":392,"column":103}},"147":{"start":{"line":393,"column":4},"end":{"line":393,"column":63}},"148":{"start":{"line":393,"column":56},"end":{"line":393,"column":63}},"149":{"start":{"line":395,"column":18},"end":{"line":395,"column":34}},"150":{"start":{"line":396,"column":4},"end":{"line":402,"column":5}},"151":{"start":{"line":397,"column":8},"end":{"line":397,"column":91}},"152":{"start":{"line":398,"column":8},"end":{"line":398,"column":65}},"153":{"start":{"line":400,"column":8},"end":{"line":400,"column":68}},"154":{"start":{"line":401,"column":8},"end":{"line":401,"column":20}},"155":{"start":{"line":405,"column":0},"end":{"line":405,"column":24}}},"fnMap":{"0":{"name":"(anonymous_0)","decl":{"start":{"line":8,"column":36},"end":{"line":8,"column":37}},"loc":{"start":{"line":8,"column":56},"end":{"line":32,"column":1}},"line":8},"1":{"name":"(anonymous_1)","decl":{"start":{"line":35,"column":39},"end":{"line":35,"column":40}},"loc":{"start":{"line":35,"column":59},"end":{"line":73,"column":1}},"line":35},"2":{"name":"(anonymous_2)","decl":{"start":{"line":52,"column":35},"end":{"line":52,"column":36}},"loc":{"start":{"line":52,"column":43},"end":{"line":66,"column":9}},"line":52},"3":{"name":"(anonymous_3)","decl":{"start":{"line":79,"column":78},"end":{"line":79,"column":79}},"loc":{"start":{"line":79,"column":98},"end":{"line":112,"column":1}},"line":79},"4":{"name":"(anonymous_4)","decl":{"start":{"line":115,"column":61},"end":{"line":115,"column":62}},"loc":{"start":{"line":115,"column":81},"end":{"line":129,"column":1}},"line":115},"5":{"name":"(anonymous_5)","decl":{"start":{"line":132,"column":62},"end":{"line":132,"column":63}},"loc":{"start":{"line":132,"column":82},"end":{"line":152,"column":1}},"line":132},"6":{"name":"(anonymous_6)","decl":{"start":{"line":155,"column":63},"end":{"line":155,"column":64}},"loc":{"start":{"line":155,"column":83},"end":{"line":172,"column":1}},"line":155},"7":{"name":"(anonymous_7)","decl":{"start":{"line":175,"column":64},"end":{"line":175,"column":65}},"loc":{"start":{"line":175,"column":84},"end":{"line":218,"column":1}},"line":175},"8":{"name":"(anonymous_8)","decl":{"start":{"line":221,"column":67},"end":{"line":221,"column":68}},"loc":{"start":{"line":221,"column":87},"end":{"line":267,"column":1}},"line":221},"9":{"name":"(anonymous_9)","decl":{"start":{"line":270,"column":70},"end":{"line":270,"column":71}},"loc":{"start":{"line":270,"column":90},"end":{"line":291,"column":1}},"line":270},"10":{"name":"(anonymous_10)","decl":{"start":{"line":295,"column":69},"end":{"line":295,"column":70}},"loc":{"start":{"line":295,"column":89},"end":{"line":339,"column":1}},"line":295},"11":{"name":"(anonymous_11)","decl":{"start":{"line":342,"column":75},"end":{"line":342,"column":76}},"loc":{"start":{"line":342,"column":95},"end":{"line":377,"column":1}},"line":342},"12":{"name":"(anonymous_12)","decl":{"start":{"line":380,"column":68},"end":{"line":380,"column":69}},"loc":{"start":{"line":380,"column":88},"end":{"line":388,"column":1}},"line":380},"13":{"name":"notifyDevice","decl":{"start":{"line":391,"column":15},"end":{"line":391,"column":27}},"loc":{"start":{"line":391,"column":38},"end":{"line":403,"column":1}},"line":391}},"branchMap":{"0":{"loc":{"start":{"line":11,"column":4},"end":{"line":13,"column":5}},"type":"if","locations":[{"start":{"line":11,"column":4},"end":{"line":13,"column":5}},{"start":{},"end":{}}],"line":11},"1":{"loc":{"start":{"line":25,"column":17},"end":{"line":25,"column":27}},"type":"binary-expr","locations":[{"start":{"line":25,"column":17},"end":{"line":25,"column":21}},{"start":{"line":25,"column":25},"end":{"line":25,"column":27}}],"line":25},"2":{"loc":{"start":{"line":88,"column":8},"end":{"line":90,"column":9}},"type":"if","locations":[{"start":{"line":88,"column":8},"end":{"line":90,"column":9}},{"start":{},"end":{}}],"line":88},"3":{"loc":{"start":{"line":94,"column":8},"end":{"line":96,"column":9}},"type":"if","locations":[{"start":{"line":94,"column":8},"end":{"line":96,"column":9}},{"start":{},"end":{}}],"line":94},"4":{"loc":{"start":{"line":135,"column":4},"end":{"line":137,"column":5}},"type":"if","locations":[{"start":{"line":135,"column":4},"end":{"line":137,"column":5}},{"start":{},"end":{}}],"line":135},"5":{"loc":{"start":{"line":135,"column":8},"end":{"line":135,"column":20}},"type":"binary-expr","locations":[{"start":{"line":135,"column":8},"end":{"line":135,"column":11}},{"start":{"line":135,"column":15},"end":{"line":135,"column":20}}],"line":135},"6":{"loc":{"start":{"line":142,"column":23},"end":{"line":142,"column":39}},"type":"binary-expr","locations":[{"start":{"line":142,"column":23},"end":{"line":142,"column":31}},{"start":{"line":142,"column":35},"end":{"line":142,"column":39}}],"line":142},"7":{"loc":{"start":{"line":147,"column":8},"end":{"line":149,"column":9}},"type":"if","locations":[{"start":{"line":147,"column":8},"end":{"line":149,"column":9}},{"start":{},"end":{}}],"line":147},"8":{"loc":{"start":{"line":158,"column":4},"end":{"line":160,"column":5}},"type":"if","locations":[{"start":{"line":158,"column":4},"end":{"line":160,"column":5}},{"start":{},"end":{}}],"line":158},"9":{"loc":{"start":{"line":178,"column":4},"end":{"line":180,"column":5}},"type":"if","locations":[{"start":{"line":178,"column":4},"end":{"line":180,"column":5}},{"start":{},"end":{}}],"line":178},"10":{"loc":{"start":{"line":178,"column":8},"end":{"line":178,"column":61}},"type":"binary-expr","locations":[{"start":{"line":178,"column":8},"end":{"line":178,"column":27}},{"start":{"line":178,"column":31},"end":{"line":178,"column":61}}],"line":178},"11":{"loc":{"start":{"line":192,"column":16},"end":{"line":192,"column":40}},"type":"binary-expr","locations":[{"start":{"line":192,"column":16},"end":{"line":192,"column":35}},{"start":{"line":192,"column":39},"end":{"line":192,"column":40}}],"line":192},"12":{"loc":{"start":{"line":193,"column":16},"end":{"line":193,"column":42}},"type":"binary-expr","locations":[{"start":{"line":193,"column":16},"end":{"line":193,"column":37}},{"start":{"line":193,"column":41},"end":{"line":193,"column":42}}],"line":193},"13":{"loc":{"start":{"line":194,"column":16},"end":{"line":194,"column":39}},"type":"binary-expr","locations":[{"start":{"line":194,"column":16},"end":{"line":194,"column":33}},{"start":{"line":194,"column":37},"end":{"line":194,"column":39}}],"line":194},"14":{"loc":{"start":{"line":195,"column":16},"end":{"line":195,"column":41}},"type":"binary-expr","locations":[{"start":{"line":195,"column":16},"end":{"line":195,"column":35}},{"start":{"line":195,"column":39},"end":{"line":195,"column":41}}],"line":195},"15":{"loc":{"start":{"line":196,"column":16},"end":{"line":196,"column":40}},"type":"binary-expr","locations":[{"start":{"line":196,"column":16},"end":{"line":196,"column":31}},{"start":{"line":196,"column":35},"end":{"line":196,"column":40}}],"line":196},"16":{"loc":{"start":{"line":197,"column":16},"end":{"line":197,"column":41}},"type":"binary-expr","locations":[{"start":{"line":197,"column":16},"end":{"line":197,"column":32}},{"start":{"line":197,"column":36},"end":{"line":197,"column":41}}],"line":197},"17":{"loc":{"start":{"line":198,"column":16},"end":{"line":198,"column":43}},"type":"binary-expr","locations":[{"start":{"line":198,"column":16},"end":{"line":198,"column":34}},{"start":{"line":198,"column":38},"end":{"line":198,"column":43}}],"line":198},"18":{"loc":{"start":{"line":199,"column":16},"end":{"line":199,"column":42}},"type":"binary-expr","locations":[{"start":{"line":199,"column":16},"end":{"line":199,"column":33}},{"start":{"line":199,"column":37},"end":{"line":199,"column":42}}],"line":199},"19":{"loc":{"start":{"line":200,"column":16},"end":{"line":200,"column":40}},"type":"binary-expr","locations":[{"start":{"line":200,"column":16},"end":{"line":200,"column":31}},{"start":{"line":200,"column":35},"end":{"line":200,"column":40}}],"line":200},"20":{"loc":{"start":{"line":201,"column":16},"end":{"line":201,"column":42}},"type":"binary-expr","locations":[{"start":{"line":201,"column":16},"end":{"line":201,"column":33}},{"start":{"line":201,"column":37},"end":{"line":201,"column":42}}],"line":201},"21":{"loc":{"start":{"line":202,"column":16},"end":{"line":202,"column":40}},"type":"binary-expr","locations":[{"start":{"line":202,"column":16},"end":{"line":202,"column":31}},{"start":{"line":202,"column":35},"end":{"line":202,"column":40}}],"line":202},"22":{"loc":{"start":{"line":254,"column":8},"end":{"line":260,"column":9}},"type":"if","locations":[{"start":{"line":254,"column":8},"end":{"line":260,"column":9}},{"start":{},"end":{}}],"line":254},"23":{"loc":{"start":{"line":278,"column":8},"end":{"line":284,"column":9}},"type":"if","locations":[{"start":{"line":278,"column":8},"end":{"line":284,"column":9}},{"start":{},"end":{}}],"line":278},"24":{"loc":{"start":{"line":298,"column":4},"end":{"line":300,"column":5}},"type":"if","locations":[{"start":{"line":298,"column":4},"end":{"line":300,"column":5}},{"start":{},"end":{}}],"line":298},"25":{"loc":{"start":{"line":298,"column":8},"end":{"line":298,"column":42}},"type":"binary-expr","locations":[{"start":{"line":298,"column":8},"end":{"line":298,"column":17}},{"start":{"line":298,"column":21},"end":{"line":298,"column":42}}],"line":298},"26":{"loc":{"start":{"line":309,"column":8},"end":{"line":311,"column":9}},"type":"if","locations":[{"start":{"line":309,"column":8},"end":{"line":311,"column":9}},{"start":{},"end":{}}],"line":309},"27":{"loc":{"start":{"line":315,"column":8},"end":{"line":317,"column":9}},"type":"if","locations":[{"start":{"line":315,"column":8},"end":{"line":317,"column":9}},{"start":{},"end":{}}],"line":315},"28":{"loc":{"start":{"line":345,"column":4},"end":{"line":347,"column":5}},"type":"if","locations":[{"start":{"line":345,"column":4},"end":{"line":347,"column":5}},{"start":{},"end":{}}],"line":345},"29":{"loc":{"start":{"line":355,"column":8},"end":{"line":357,"column":9}},"type":"if","locations":[{"start":{"line":355,"column":8},"end":{"line":357,"column":9}},{"start":{},"end":{}}],"line":355},"30":{"loc":{"start":{"line":361,"column":8},"end":{"line":363,"column":9}},"type":"if","locations":[{"start":{"line":361,"column":8},"end":{"line":363,"column":9}},{"start":{},"end":{}}],"line":361},"31":{"loc":{"start":{"line":393,"column":4},"end":{"line":393,"column":63}},"type":"if","locations":[{"start":{"line":393,"column":4},"end":{"line":393,"column":63}},{"start":{},"end":{}}],"line":393},"32":{"loc":{"start":{"line":393,"column":8},"end":{"line":393,"column":54}},"type":"binary-expr","locations":[{"start":{"line":393,"column":8},"end":{"line":393,"column":28}},{"start":{"line":393,"column":32},"end":{"line":393,"column":54}}],"line":393}},"s":{"0":0,"1":0,"2":0,"3":0,"4":0,"5":0,"6":0,"7":0,"8":0,"9":0,"10":0,"11":0,"12":0,"13":0,"14":0,"15":0,"16":0,"17":0,"18":0,"19":0,"20":0,"21":0,"22":0,"23":0,"24":0,"25":0,"26":0,"27":0,"28":0,"29":0,"30":0,"31":0,"32":0,"33":0,"34":0,"35":0,"36":0,"37":0,"38":0,"39":0,"40":0,"41":0,"42":0,"43":0,"44":0,"45":0,"46":0,"47":0,"48":0,"49":0,"50":0,"51":0,"52":0,"53":0,"54":0,"55":0,"56":0,"57":0,"58":0,"59":0,"60":0,"61":0,"62":0,"63":0,"64":0,"65":0,"66":0,"67":0,"68":0,"69":0,"70":0,"71":0,"72":0,"73":0,"74":0,"75":0,"76":0,"77":0,"78":0,"79":0,"80":0,"81":0,"82":0,"83":0,"84":0,"85":0,"86":0,"87":0,"88":0,"89":0,"90":0,"91":0,"92":0,"93":0,"94":0,"95":0,"96":0,"97":0,"98":0,"99":0,"100":0,"101":0,"102":0,"103":0,"104":0,"105":0,"106":0,"107":0,"108":0,"109":0,"110":0,"111":0,"112":0,"113":0,"114":0,"115":0,"116":0,"117":0,"118":0,"119":0,"120":0,"121":0,"122":0,"123":0,"124":0,"125":0,"126":0,"127":0,"128":0,"129":0,"130":0,"131":0,"132":0,"133":0,"134":0,"135":0,"136":0,"137":0,"138":0,"139":0,"140":0,"141":0,"142":0,"143":0,"144":0,"145":0,"146":0,"147":0,"148":0,"149":0,"150":0,"151":0,"152":0,"153":0,"154":0,"155":0},"f":{"0":0,"1":0,"2":0,"3":0,"4":0,"5":0,"6":0,"7":0,"8":0,"9":0,"10":0,"11":0,"12":0,"13":0},"b":{"0":[0,0],"1":[0,0],"2":[0,0],"3":[0,0],"4":[0,0],"5":[0,0],"6":[0,0],"7":[0,0],"8":[0,0],"9":[0,0],"10":[0,0],"11":[0,0],"12":[0,0],"13":[0,0],"14":[0,0],"15":[0,0],"16":[0,0],"17":[0,0],"18":[0,0],"19":[0,0],"20":[0,0],"21":[0,0],"22":[0,0],"23":[0,0],"24":[0,0],"25":[0,0],"26":[0,0],"27":[0,0],"28":[0,0],"29":[0,0],"30":[0,0],"31":[0,0],"32":[0,0]}}
}
